<?xml version="1.0" encoding="UTF-8" ?>
<testsuite 
errors="0" failures="0" hostname="wm059-b10" name="org.broadinstitute.dsde.test.api.AuthDomainSpec" tests="7" time="91.78" timestamp="2018-11-05T10:32:39">
  <properties>
    <property name="jline.esc.timeout" value="0"> </property>
    <property name="java.runtime.name" value="Java(TM) SE Runtime Environment">
    </property>
    <property 
    name="sun.boot.library.path" value="/Library/Java/JavaVirtualMachines/jdk1.8.0_141.jdk/Contents/Home/jre/lib">
</property>
    <property name="java.vm.version" value="25.141-b15"> </property>
    <property name="gopherProxySet" value="false"> </property>
    <property name="java.vm.vendor" value="Oracle Corporation"> </property>
    <property name="java.vendor.url" value="http://java.oracle.com/">
    </property>
    <property name="com.sun.jndi.ldap.connect.pool.maxsize" value="100">
    </property>
    <property name="path.separator" value=":"> </property>
    <property name="java.vm.name" value="Java HotSpot(TM) 64-Bit Server VM">
    </property>
    <property name="file.encoding.pkg" value="sun.io"> </property>
    <property name="user.country" value="US"> </property>
    <property name="sun.java.launcher" value="SUN_STANDARD"> </property>
    <property name="sun.os.patch.level" value="unknown"> </property>
    <property 
    name="java.vm.specification.name" value="Java Virtual Machine Specification">
</property>
    <property name="user.dir" value="/Users/dvoet/projects/rawls/automation">
    </property>
    <property name="java.runtime.version" value="1.8.0_141-b15"> </property>
    <property name="java.awt.graphicsenv" value="sun.awt.CGraphicsEnvironment">
    </property>
    <property 
    name="java.endorsed.dirs" value="/Library/Java/JavaVirtualMachines/jdk1.8.0_141.jdk/Contents/Home/jre/lib/endorsed">
</property>
    <property name="os.arch" value="x86_64"> </property>
    <property 
    name="java.io.tmpdir" value="/var/folders/mb/5z6pxq7n1bb0sp0dyly8kyp4jcqwtv/T/">
</property>
    <property name="line.separator" value=" "> </property>
    <property name="mysql.port" value="3310"> </property>
    <property name="java.vm.specification.vendor" value="Oracle Corporation">
    </property>
    <property name="os.name" value="Mac OS X"> </property>
    <property name="directory.password" value="testtesttest"> </property>
    <property name="sun.jnu.encoding" value="UTF-8"> </property>
    <property 
    name="java.library.path" value="/Users/dvoet/Library/Java/Extensions:/Library/Java/Extensions:/Network/Library/Java/Extensions:/System/Library/Java/Extensions:/usr/lib/java:.">
</property>
    <property 
    name="java.specification.name" value="Java Platform API Specification">
</property>
    <property name="java.class.version" value="52.0"> </property>
    <property 
    name="sun.management.compiler" value="HotSpot 64-Bit Tiered Compilers">
</property>
    <property name="os.version" value="10.12.6"> </property>
    <property name="user.home" value="/Users/dvoet"> </property>
    <property name="user.timezone" value="America/New_York"> </property>
    <property name="java.awt.printerjob" value="sun.lwawt.macosx.CPrinterJob">
    </property>
    <property name="java.specification.version" value="1.8"> </property>
    <property name="file.encoding" value="UTF-8"> </property>
    <property name="user.name" value="dvoet"> </property>
    <property 
    name="java.class.path" value="/usr/local/Cellar/sbt/0.13.15/libexec/bin/sbt-launch.jar">
</property>
    <property name="jline.shutdownhook" value="false"> </property>
    <property name="directory.url" value="ldap://localhost:3389"> </property>
    <property name="mysql.host" value="localhost"> </property>
    <property name="java.vm.specification.version" value="1.8"> </property>
    <property name="sun.arch.data.model" value="64"> </property>
    <property 
    name="java.home" value="/Library/Java/JavaVirtualMachines/jdk1.8.0_141.jdk/Contents/Home/jre">
</property>
    <property 
    name="sun.java.command" value="/usr/local/Cellar/sbt/0.13.15/libexec/bin/sbt-launch.jar test -Djsse.enableSNIExtension=false -Dheadless=false">
</property>
    <property name="java.specification.vendor" value="Oracle Corporation">
    </property>
    <property name="user.language" value="en"> </property>
    <property name="awt.toolkit" value="sun.lwawt.macosx.LWCToolkit">
    </property>
    <property name="java.vm.info" value="mixed mode"> </property>
    <property name="java.version" value="1.8.0_141"> </property>
    <property 
    name="java.ext.dirs" value="/Users/dvoet/Library/Java/Extensions:/Library/Java/JavaVirtualMachines/jdk1.8.0_141.jdk/Contents/Home/jre/lib/ext:/Library/Java/Extensions:/Network/Library/Java/Extensions:/System/Library/Java/Extensions:/usr/lib/java">
</property>
    <property 
    name="sun.boot.class.path" value="/Library/Java/JavaVirtualMachines/jdk1.8.0_141.jdk/Contents/Home/jre/lib/resources.jar:/Library/Java/JavaVirtualMachines/jdk1.8.0_141.jdk/Contents/Home/jre/lib/rt.jar:/Library/Java/JavaVirtualMachines/jdk1.8.0_141.jdk/Contents/Home/jre/lib/sunrsasign.jar:/Library/Java/JavaVirtualMachines/jdk1.8.0_141.jdk/Contents/Home/jre/lib/jsse.jar:/Library/Java/JavaVirtualMachines/jdk1.8.0_141.jdk/Contents/Home/jre/lib/jce.jar:/Library/Java/JavaVirtualMachines/jdk1.8.0_141.jdk/Contents/Home/jre/lib/charsets.jar:/Library/Java/JavaVirtualMachines/jdk1.8.0_141.jdk/Contents/Home/jre/lib/jfr.jar:/Library/Java/JavaVirtualMachines/jdk1.8.0_141.jdk/Contents/Home/jre/classes">
</property>
    <property name="java.vendor" value="Oracle Corporation"> </property>
    <property name="file.separator" value="/"> </property>
    <property 
    name="java.vendor.url.bug" value="http://bugreport.sun.com/bugreport/">
</property>
    <property name="sun.cpu.endian" value="little"> </property>
    <property name="sun.io.unicode.encoding" value="UnicodeBig"> </property>
    <property name="sun.cpu.isalist" value=""> </property>
  </properties>
  <testcase 
  name="AuthDomains should create and access a workspace with an auth domain" classname="org.broadinstitute.dsde.test.api.AuthDomainSpec" time="24.082">
</testcase>
  <testcase 
  name="AuthDomains should not create a workspace with a multi-group auth domain if you're not in all groups" classname="org.broadinstitute.dsde.test.api.AuthDomainSpec" time="3.009">
</testcase>
  <testcase 
  name="AuthDomains should do the right security when auth domain membership changes" classname="org.broadinstitute.dsde.test.api.AuthDomainSpec" time="11.366">
</testcase>
  <testcase 
  name="AuthDomains should do the right security when access group membership changes and there is an access" classname="org.broadinstitute.dsde.test.api.AuthDomainSpec" time="23.141">
</testcase>
  <testcase 
  name="AuthDomains should clone a workspace if the source has a multi-group auth domain and user is in all groups" classname="org.broadinstitute.dsde.test.api.AuthDomainSpec" time="12.138">
</testcase>
  <testcase 
  name="AuthDomains should clone a workspace if the user added a group to the source authorization domain" classname="org.broadinstitute.dsde.test.api.AuthDomainSpec" time="11.389">
</testcase>
  <testcase 
  name="AuthDomains should not allow changing a workspace's Realm if it exists" classname="org.broadinstitute.dsde.test.api.AuthDomainSpec" time="5.653">
</testcase>
  <system-out><![CDATA[]]></system-out>
  <system-err><![CDATA[]]></system-err>
</testsuite>
